1685187564387:one
1685187581567:help
1685187605255:one
1685187699948:help
1685187834904:one
1685187915496:exit
1685198642772:ثطهف
1685198646779:exit
1685214907778:ثطهف
1685214910736:exit
1685219751428:help
1685219875382:exit
1685225838430:register
1685226067076:exit
1685226097693:register
1685226119358:exit
1685226131332:register
1685270772118:exit
1685270789583:help
1685271723164:exit
1685292723867:ثطهف
1685292726796:exit
1685302269785:register
1685303374135:exit
1685303917990:register
1685303924496:help
1685303958134:register
1685444605900:exit
1685575195590:6
1685575199749:exit
